2010-07-06T16:41:34+02:00 DEBUG (7): Starting to parse file: test.php
2010-07-06T16:41:34+02:00 DEBUG (7): Hashed contents in 3.9100646972656E-5 seconds
2010-07-06T16:41:34+02:00 DEBUG (7):   Started to parse T_OPEN_TAG
2010-07-06T16:41:34+02:00 DEBUG (7):   Started to parse T_FUNCTION
2010-07-06T16:41:34+02:00 DEBUG (7):     determined argument range token ids in 0.0026471614837646 seconds
2010-07-06T16:41:34+02:00 DEBUG (7):     Parsing tokens
2010-07-06T16:41:34+02:00 DEBUG (7):   Started to parse T_VARIABLE
2010-07-06T16:41:34+02:00 DEBUG (7):     Manually determined method range token ids at 9->9
2010-07-06T16:41:34+02:00 DEBUG (7):     Processed all tokens in 0.0015909671783447 seconds
2010-07-06T16:41:34+02:00 DEBUG (7):     Processed argument $argument in 0.0021469593048096 seconds
2010-07-06T16:41:34+02:00 DEBUG (7):     Manually determined method range token ids at 16->18
2010-07-06T16:41:34+02:00 DEBUG (7):     Processed all tokens in 0.0035400390625 seconds
2010-07-06T16:41:34+02:00 DEBUG (7):   Started to parse T_FUNCTION
2010-07-06T16:41:34+02:00 DEBUG (7):     determined argument range token ids in 0.00058507919311523 seconds
2010-07-06T16:41:34+02:00 DEBUG (7):     Parsing tokens
2010-07-06T16:41:34+02:00 DEBUG (7):     Manually determined method range token ids at 28->30
2010-07-06T16:41:34+02:00 DEBUG (7):     Processed all tokens in 0.00077605247497559 seconds
2010-07-06T16:41:34+02:00 DEBUG (7):   Started to parse T_FUNCTION
2010-07-06T16:41:34+02:00 DEBUG (7):     determined argument range token ids in 0.00055885314941406 seconds
2010-07-06T16:41:34+02:00 DEBUG (7):     Parsing tokens
2010-07-06T16:41:34+02:00 DEBUG (7):     Manually determined method range token ids at 40->42
2010-07-06T16:41:34+02:00 DEBUG (7):     Processed all tokens in 0.00076889991760254 seconds
2010-07-06T16:41:34+02:00 DEBUG (7):   Started to parse T_CLASS
2010-07-06T16:41:34+02:00 DEBUG (7):     Parsing tokens
2010-07-06T16:41:34+02:00 DEBUG (7):   Started to parse T_VARIABLE
2010-07-06T16:41:34+02:00 DEBUG (7):     Manually determined method range token ids at 54->54
2010-07-06T16:41:34+02:00 DEBUG (7):     Processed all tokens in 0.0026760101318359 seconds
2010-07-06T16:41:34+02:00 DEBUG (7):     Processed property $test in 0.0033130645751953 seconds
2010-07-06T16:41:34+02:00 DEBUG (7):   Started to parse T_VARIABLE
2010-07-06T16:41:34+02:00 DEBUG (7):     Manually determined method range token ids at 63->63
2010-07-06T16:41:34+02:00 DEBUG (7):     Processed all tokens in 0.0031611919403076 seconds
2010-07-06T16:41:34+02:00 DEBUG (7):     Processed property $test2 in 0.0033540725708008 seconds
2010-07-06T16:41:34+02:00 DEBUG (7):   Started to parse T_VARIABLE
2010-07-06T16:41:34+02:00 DEBUG (7):     Manually determined method range token ids at 81->81
2010-07-06T16:41:34+02:00 DEBUG (7):     Processed all tokens in 0.0027899742126465 seconds
2010-07-06T16:41:34+02:00 DEBUG (7):     Processed property $test3 in 0.0029828548431396 seconds
2010-07-06T16:41:34+02:00 DEBUG (7):   Started to parse T_VARIABLE
2010-07-06T16:41:34+02:00 DEBUG (7):     Manually determined method range token ids at 92->92
2010-07-06T16:41:34+02:00 DEBUG (7):     Processed all tokens in 0.0031940937042236 seconds
2010-07-06T16:41:34+02:00 DEBUG (7):     Processed property $test4 in 0.0033860206604004 seconds
2010-07-06T16:41:34+02:00 DEBUG (7):   Started to parse T_FUNCTION
2010-07-06T16:41:34+02:00 DEBUG (7):     determined argument range token ids in 0.001471996307373 seconds
2010-07-06T16:41:34+02:00 DEBUG (7):     Parsing tokens
2010-07-06T16:41:34+02:00 DEBUG (7):   Started to parse T_VARIABLE
2010-07-06T16:41:34+02:00 DEBUG (7):     Manually determined method range token ids at 111->111
2010-07-06T16:41:34+02:00 DEBUG (7):     Processed all tokens in 0.0013778209686279 seconds
2010-07-06T16:41:34+02:00 DEBUG (7):     Processed argument $argument_a in 0.0015740394592285 seconds
2010-07-06T16:41:34+02:00 DEBUG (7):   Started to parse T_VARIABLE
2010-07-06T16:41:34+02:00 DEBUG (7):     Manually determined method range token ids at 116->116
2010-07-06T16:41:34+02:00 DEBUG (7):     Processed all tokens in 0.00083303451538086 seconds
2010-07-06T16:41:34+02:00 DEBUG (7):     Processed argument $argument_b in 0.0010368824005127 seconds
2010-07-06T16:41:34+02:00 DEBUG (7):     Manually determined method range token ids at 123->125
2010-07-06T16:41:34+02:00 DEBUG (7):     Processed all tokens in 0.0043859481811523 seconds
2010-07-06T16:41:34+02:00 DEBUG (7):     Processed method StaticPublicMethod in 0.0087049007415771 seconds
2010-07-06T16:41:34+02:00 DEBUG (7):   Started to parse T_FUNCTION
2010-07-06T16:41:34+02:00 DEBUG (7):     determined argument range token ids in 0.00076198577880859 seconds
2010-07-06T16:41:34+02:00 DEBUG (7):     Parsing tokens
2010-07-06T16:41:34+02:00 DEBUG (7):   Started to parse T_VARIABLE
2010-07-06T16:41:34+02:00 DEBUG (7):     Manually determined method range token ids at 135->135
2010-07-06T16:41:34+02:00 DEBUG (7):     Processed all tokens in 0.001133918762207 seconds
2010-07-06T16:41:34+02:00 DEBUG (7):     Processed argument $argument in 0.0013120174407959 seconds
2010-07-06T16:41:34+02:00 DEBUG (7):     Manually determined method range token ids at 138->140
2010-07-06T16:41:34+02:00 DEBUG (7):     Processed all tokens in 0.0022590160369873 seconds
2010-07-06T16:41:34+02:00 DEBUG (7):     Processed method PublicMethod in 0.0053250789642334 seconds
2010-07-06T16:41:34+02:00 DEBUG (7):   Started to parse T_FUNCTION
2010-07-06T16:41:34+02:00 DEBUG (7):     determined argument range token ids in 0.00084090232849121 seconds
2010-07-06T16:41:34+02:00 DEBUG (7):     Parsing tokens
2010-07-06T16:41:34+02:00 DEBUG (7):     Manually determined method range token ids at 150->152
2010-07-06T16:41:34+02:00 DEBUG (7):     Processed all tokens in 0.00071477890014648 seconds
2010-07-06T16:41:34+02:00 DEBUG (7):     Processed method ProtectedMethod in 0.0037021636962891 seconds
2010-07-06T16:41:34+02:00 DEBUG (7):     Manually determined method range token ids at 50->154
2010-07-06T16:41:34+02:00 DEBUG (7):     Processed all tokens in 0.038617134094238 seconds
2010-07-06T16:41:34+02:00 DEBUG (7):   Started to parse T_CLASS
2010-07-06T16:41:34+02:00 DEBUG (7):     Parsing tokens
2010-07-06T16:41:34+02:00 DEBUG (7):   Started to parse T_CONST
2010-07-06T16:41:34+02:00 DEBUG (7):     Manually determined method range token ids at 177->177
2010-07-06T16:41:34+02:00 DEBUG (7):     Processed all tokens in 0.0016379356384277 seconds
2010-07-06T16:41:34+02:00 DEBUG (7):     Processed const TEST in 0.0022170543670654 seconds
2010-07-06T16:41:34+02:00 DEBUG (7):     Manually determined method range token ids at 173->184
2010-07-06T16:41:34+02:00 DEBUG (7):     Processed all tokens in 0.0055520534515381 seconds
2010-07-06T16:41:34+02:00 DEBUG (7):   Started to parse T_CLASS
2010-07-06T16:41:34+02:00 DEBUG (7):     Parsing tokens
2010-07-06T16:41:34+02:00 DEBUG (7):   Started to parse T_CONST
2010-07-06T16:41:34+02:00 DEBUG (7):     Manually determined method range token ids at 198->198
2010-07-06T16:41:34+02:00 DEBUG (7):     Processed all tokens in 0.0015630722045898 seconds
2010-07-06T16:41:34+02:00 DEBUG (7):     Processed const TEST in 0.0017378330230713 seconds
2010-07-06T16:41:34+02:00 DEBUG (7):     Manually determined method range token ids at 194->205
2010-07-06T16:41:34+02:00 DEBUG (7):     Processed all tokens in 0.0044958591461182 seconds
2010-07-06T16:41:34+02:00 DEBUG (7):     Manually determined method range token ids at ->
2010-07-06T16:41:34+02:00 DEBUG (7):     Processed all tokens in 0.1049530506134 seconds
2010-07-06T16:41:34+02:00 DEBUG (7):   Used memory: 1563760
2010-07-06T16:41:34+02:00 DEBUG (7):   Parsed file in 0.10691905021667 seconds
