2010-07-06T16:42:21+02:00 DEBUG (7): Starting to parse file: ../../../Projects/emma.unet.nl/plugins/emmaProductManagementPlugin/lib/model/om/BaseFeature.php
2010-07-06T16:42:21+02:00 DEBUG (7): Hashed contents in 0.0024139881134033 seconds
2010-07-06T16:42:23+02:00 DEBUG (7):   Started to parse T_OPEN_TAG
2010-07-06T16:42:23+02:00 DEBUG (7):   Started to parse T_CLASS
2010-07-06T16:42:23+02:00 DEBUG (7):     Parsing tokens
2010-07-06T16:42:23+02:00 DEBUG (7):   Started to parse T_CONST
2010-07-06T16:42:23+02:00 DEBUG (7):     Manually determined method range token ids at 22->22
2010-07-06T16:42:23+02:00 DEBUG (7):     Processed all tokens in 0.0015771389007568 seconds
2010-07-06T16:42:23+02:00 DEBUG (7):     Processed const PEER in 0.0021209716796875 seconds
2010-07-06T16:42:23+02:00 DEBUG (7):   Started to parse T_VARIABLE
2010-07-06T16:42:23+02:00 DEBUG (7):     Manually determined method range token ids at 35->35
2010-07-06T16:42:23+02:00 DEBUG (7):     Processed all tokens in 0.0030570030212402 seconds
2010-07-06T16:42:23+02:00 DEBUG (7):     Processed property $peer in 0.0036771297454834 seconds
2010-07-06T16:42:23+02:00 DEBUG (7):   Started to parse T_VARIABLE
2010-07-06T16:42:23+02:00 DEBUG (7):     Manually determined method range token ids at 42->42
2010-07-06T16:42:23+02:00 DEBUG (7):     Processed all tokens in 0.002997875213623 seconds
2010-07-06T16:42:23+02:00 DEBUG (7):     Processed property $feature_id in 0.0032148361206055 seconds
2010-07-06T16:42:23+02:00 DEBUG (7):   Started to parse T_VARIABLE
2010-07-06T16:42:23+02:00 DEBUG (7):     Manually determined method range token ids at 49->49
2010-07-06T16:42:23+02:00 DEBUG (7):     Processed all tokens in 0.002993106842041 seconds
2010-07-06T16:42:23+02:00 DEBUG (7):     Processed property $feature_type_id in 0.0031740665435791 seconds
2010-07-06T16:42:23+02:00 DEBUG (7):   Started to parse T_VARIABLE
2010-07-06T16:42:23+02:00 DEBUG (7):     Manually determined method range token ids at 56->56
2010-07-06T16:42:23+02:00 DEBUG (7):     Processed all tokens in 0.0029709339141846 seconds
2010-07-06T16:42:23+02:00 DEBUG (7):     Processed property $deployment_type_id in 0.0031628608703613 seconds
2010-07-06T16:42:23+02:00 DEBUG (7):   Started to parse T_VARIABLE
2010-07-06T16:42:23+02:00 DEBUG (7):     Manually determined method range token ids at 63->63
2010-07-06T16:42:23+02:00 DEBUG (7):     Processed all tokens in 0.0029721260070801 seconds
2010-07-06T16:42:23+02:00 DEBUG (7):     Processed property $feature_group_id in 0.0031540393829346 seconds
2010-07-06T16:42:23+02:00 DEBUG (7):   Started to parse T_VARIABLE
2010-07-06T16:42:23+02:00 DEBUG (7):     Manually determined method range token ids at 70->70
2010-07-06T16:42:23+02:00 DEBUG (7):     Processed all tokens in 0.0029709339141846 seconds
2010-07-06T16:42:23+02:00 DEBUG (7):     Processed property $feature_category_id in 0.0031569004058838 seconds
2010-07-06T16:42:23+02:00 DEBUG (7):   Started to parse T_VARIABLE
2010-07-06T16:42:23+02:00 DEBUG (7):     Manually determined method range token ids at 77->77
2010-07-06T16:42:23+02:00 DEBUG (7):     Processed all tokens in 0.0029809474945068 seconds
2010-07-06T16:42:23+02:00 DEBUG (7):     Processed property $feature_code in 0.0031628608703613 seconds
2010-07-06T16:42:23+02:00 DEBUG (7):   Started to parse T_VARIABLE
2010-07-06T16:42:23+02:00 DEBUG (7):     Manually determined method range token ids at 84->84
2010-07-06T16:42:23+02:00 DEBUG (7):     Processed all tokens in 0.00301194190979 seconds
2010-07-06T16:42:23+02:00 DEBUG (7):     Processed property $feature_code_external in 0.0031960010528564 seconds
2010-07-06T16:42:23+02:00 DEBUG (7):   Started to parse T_VARIABLE
2010-07-06T16:42:23+02:00 DEBUG (7):     Manually determined method range token ids at 91->91
2010-07-06T16:42:23+02:00 DEBUG (7):     Processed all tokens in 0.0030379295349121 seconds
2010-07-06T16:42:23+02:00 DEBUG (7):     Processed property $feature_name_en in 0.0032219886779785 seconds
2010-07-06T16:42:23+02:00 DEBUG (7):   Started to parse T_VARIABLE
2010-07-06T16:42:23+02:00 DEBUG (7):     Manually determined method range token ids at 98->98
2010-07-06T16:42:23+02:00 DEBUG (7):     Processed all tokens in 0.0030660629272461 seconds
2010-07-06T16:42:23+02:00 DEBUG (7):     Processed property $feature_name_nl in 0.003248929977417 seconds
2010-07-06T16:42:23+02:00 DEBUG (7):   Started to parse T_VARIABLE
2010-07-06T16:42:23+02:00 DEBUG (7):     Manually determined method range token ids at 105->105
2010-07-06T16:42:23+02:00 DEBUG (7):     Processed all tokens in 0.0029919147491455 seconds
2010-07-06T16:42:23+02:00 DEBUG (7):     Processed property $feature_comment in 0.003173828125 seconds
2010-07-06T16:42:23+02:00 DEBUG (7):   Started to parse T_VARIABLE
2010-07-06T16:42:23+02:00 DEBUG (7):     Manually determined method range token ids at 112->112
2010-07-06T16:42:23+02:00 DEBUG (7):     Processed all tokens in 0.0030028820037842 seconds
2010-07-06T16:42:23+02:00 DEBUG (7):     Processed property $feature_created_on in 0.0031888484954834 seconds
2010-07-06T16:42:23+02:00 DEBUG (7):   Started to parse T_VARIABLE
2010-07-06T16:42:23+02:00 DEBUG (7):     Manually determined method range token ids at 119->119
2010-07-06T16:42:23+02:00 DEBUG (7):     Processed all tokens in 0.0029981136322021 seconds
2010-07-06T16:42:23+02:00 DEBUG (7):     Processed property $feature_updated_on in 0.0031869411468506 seconds
2010-07-06T16:42:23+02:00 DEBUG (7):   Started to parse T_VARIABLE
2010-07-06T16:42:23+02:00 DEBUG (7):     Manually determined method range token ids at 126->126
2010-07-06T16:42:23+02:00 DEBUG (7):     Processed all tokens in 0.0029950141906738 seconds
2010-07-06T16:42:23+02:00 DEBUG (7):     Processed property $aFeatureType in 0.0031778812408447 seconds
2010-07-06T16:42:23+02:00 DEBUG (7):   Started to parse T_VARIABLE
2010-07-06T16:42:23+02:00 DEBUG (7):     Manually determined method range token ids at 133->133
2010-07-06T16:42:23+02:00 DEBUG (7):     Processed all tokens in 0.0031991004943848 seconds
2010-07-06T16:42:23+02:00 DEBUG (7):     Processed property $aDeploymentType in 0.0035278797149658 seconds
2010-07-06T16:42:23+02:00 DEBUG (7):   Started to parse T_VARIABLE
2010-07-06T16:42:23+02:00 DEBUG (7):     Manually determined method range token ids at 140->140
2010-07-06T16:42:23+02:00 DEBUG (7):     Processed all tokens in 0.0031089782714844 seconds
2010-07-06T16:42:23+02:00 DEBUG (7):     Processed property $aFeatureGroup in 0.0032978057861328 seconds
2010-07-06T16:42:23+02:00 DEBUG (7):   Started to parse T_VARIABLE
2010-07-06T16:42:23+02:00 DEBUG (7):     Manually determined method range token ids at 147->147
2010-07-06T16:42:23+02:00 DEBUG (7):     Processed all tokens in 0.003054141998291 seconds
2010-07-06T16:42:23+02:00 DEBUG (7):     Processed property $aFeatureCategory in 0.0032451152801514 seconds
2010-07-06T16:42:23+02:00 DEBUG (7):   Started to parse T_VARIABLE
2010-07-06T16:42:23+02:00 DEBUG (7):     Manually determined method range token ids at 154->154
2010-07-06T16:42:23+02:00 DEBUG (7):     Processed all tokens in 0.0030450820922852 seconds
2010-07-06T16:42:23+02:00 DEBUG (7):     Processed property $collInvoiceItems in 0.0032310485839844 seconds
2010-07-06T16:42:23+02:00 DEBUG (7):   Started to parse T_VARIABLE
2010-07-06T16:42:23+02:00 DEBUG (7):     Manually determined method range token ids at 161->161
2010-07-06T16:42:23+02:00 DEBUG (7):     Processed all tokens in 0.0020589828491211 seconds
2010-07-06T16:42:23+02:00 DEBUG (7):     Processed property $lastInvoiceItemCriteria in 0.0022530555725098 seconds
2010-07-06T16:42:23+02:00 DEBUG (7):   Started to parse T_VARIABLE
2010-07-06T16:42:23+02:00 DEBUG (7):     Manually determined method range token ids at 172->172
2010-07-06T16:42:23+02:00 DEBUG (7):     Processed all tokens in 0.0030438899993896 seconds
2010-07-06T16:42:23+02:00 DEBUG (7):     Processed property $collInvoiceTransactions in 0.0032339096069336 seconds
2010-07-06T16:42:23+02:00 DEBUG (7):   Started to parse T_VARIABLE
2010-07-06T16:42:23+02:00 DEBUG (7):     Manually determined method range token ids at 179->179
2010-07-06T16:42:23+02:00 DEBUG (7):     Processed all tokens in 0.0020780563354492 seconds
2010-07-06T16:42:23+02:00 DEBUG (7):     Processed property $lastInvoiceTransactionCriteria in 0.0022890567779541 seconds
2010-07-06T16:42:23+02:00 DEBUG (7):   Started to parse T_VARIABLE
2010-07-06T16:42:23+02:00 DEBUG (7):     Manually determined method range token ids at 190->190
2010-07-06T16:42:23+02:00 DEBUG (7):     Processed all tokens in 0.0030848979949951 seconds
2010-07-06T16:42:23+02:00 DEBUG (7):     Processed property $collAoipProductionOrders in 0.0032789707183838 seconds
2010-07-06T16:42:23+02:00 DEBUG (7):   Started to parse T_VARIABLE
2010-07-06T16:42:23+02:00 DEBUG (7):     Manually determined method range token ids at 197->197
2010-07-06T16:42:23+02:00 DEBUG (7):     Processed all tokens in 0.0020821094512939 seconds
2010-07-06T16:42:23+02:00 DEBUG (7):     Processed property $lastAoipProductionOrderCriteria in 0.0022721290588379 seconds
2010-07-06T16:42:23+02:00 DEBUG (7):   Started to parse T_VARIABLE
2010-07-06T16:42:23+02:00 DEBUG (7):     Manually determined method range token ids at 208->208
2010-07-06T16:42:23+02:00 DEBUG (7):     Processed all tokens in 0.0030510425567627 seconds
2010-07-06T16:42:23+02:00 DEBUG (7):     Processed property $collAoipServices in 0.0032389163970947 seconds
2010-07-06T16:42:23+02:00 DEBUG (7):   Started to parse T_VARIABLE
2010-07-06T16:42:23+02:00 DEBUG (7):     Manually determined method range token ids at 215->215
2010-07-06T16:42:23+02:00 DEBUG (7):     Processed all tokens in 0.002216100692749 seconds
2010-07-06T16:42:23+02:00 DEBUG (7):     Processed property $lastAoipServiceCriteria in 0.0024080276489258 seconds
2010-07-06T16:42:23+02:00 DEBUG (7):   Started to parse T_VARIABLE
2010-07-06T16:42:23+02:00 DEBUG (7):     Manually determined method range token ids at 226->226
2010-07-06T16:42:23+02:00 DEBUG (7):     Processed all tokens in 0.0030739307403564 seconds
2010-07-06T16:42:23+02:00 DEBUG (7):     Processed property $collAtmConfigurationProductionOrders in 0.0032651424407959 seconds
2010-07-06T16:42:23+02:00 DEBUG (7):   Started to parse T_VARIABLE
2010-07-06T16:42:23+02:00 DEBUG (7):     Manually determined method range token ids at 233->233
2010-07-06T16:42:23+02:00 DEBUG (7):     Processed all tokens in 0.0021281242370605 seconds
2010-07-06T16:42:23+02:00 DEBUG (7):     Processed property $lastAtmConfigurationProductionOrderCriteria in 0.0023119449615479 seconds
2010-07-06T16:42:23+02:00 DEBUG (7):   Started to parse T_VARIABLE
2010-07-06T16:42:23+02:00 DEBUG (7):     Manually determined method range token ids at 244->244
2010-07-06T16:42:23+02:00 DEBUG (7):     Processed all tokens in 0.0031018257141113 seconds
2010-07-06T16:42:23+02:00 DEBUG (7):     Processed property $collBulkOrderUploads in 0.0032939910888672 seconds
2010-07-06T16:42:23+02:00 DEBUG (7):   Started to parse T_VARIABLE
2010-07-06T16:42:23+02:00 DEBUG (7):     Manually determined method range token ids at 251->251
2010-07-06T16:42:23+02:00 DEBUG (7):     Processed all tokens in 0.0021049976348877 seconds
2010-07-06T16:42:23+02:00 DEBUG (7):     Processed property $lastBulkOrderUploadCriteria in 0.0022969245910645 seconds
2010-07-06T16:42:23+02:00 DEBUG (7):   Started to parse T_VARIABLE
2010-07-06T16:42:23+02:00 DEBUG (7):     Manually determined method range token ids at 262->262
2010-07-06T16:42:23+02:00 DEBUG (7):     Processed all tokens in 0.0032320022583008 seconds
2010-07-06T16:42:23+02:00 DEBUG (7):     Processed property $collInstallationProductionOrdersRelatedByInstallationTypeId in 0.0034270286560059 seconds
2010-07-06T16:42:23+02:00 DEBUG (7):   Started to parse T_VARIABLE
2010-07-06T16:42:23+02:00 DEBUG (7):     Manually determined method range token ids at 269->269
2010-07-06T16:42:23+02:00 DEBUG (7):     Processed all tokens in 0.0021469593048096 seconds
2010-07-06T16:42:23+02:00 DEBUG (7):     Processed property $lastInstallationProductionOrderRelatedByInstallationTypeIdCriteria in 0.0023360252380371 seconds
2010-07-06T16:42:23+02:00 DEBUG (7):   Started to parse T_VARIABLE
2010-07-06T16:42:23+02:00 DEBUG (7):     Manually determined method range token ids at 280->280
2010-07-06T16:42:23+02:00 DEBUG (7):     Processed all tokens in 0.0032291412353516 seconds
2010-07-06T16:42:23+02:00 DEBUG (7):     Processed property $collInstallationProductionOrdersRelatedByInstallationPartyId in 0.0034220218658447 seconds
2010-07-06T16:42:23+02:00 DEBUG (7):   Started to parse T_VARIABLE
2010-07-06T16:42:23+02:00 DEBUG (7):     Manually determined method range token ids at 287->287
2010-07-06T16:42:23+02:00 DEBUG (7):     Processed all tokens in 0.0020899772644043 seconds
2010-07-06T16:42:23+02:00 DEBUG (7):     Processed property $lastInstallationProductionOrderRelatedByInstallationPartyIdCriteria in 0.0022821426391602 seconds
2010-07-06T16:42:23+02:00 DEBUG (7):   Started to parse T_VARIABLE
2010-07-06T16:42:23+02:00 DEBUG (7):     Manually determined method range token ids at 298->298
2010-07-06T16:42:23+02:00 DEBUG (7):     Processed all tokens in 0.0030920505523682 seconds
2010-07-06T16:42:23+02:00 DEBUG (7):     Processed property $collIpDefinitions in 0.0032820701599121 seconds
2010-07-06T16:42:23+02:00 DEBUG (7):   Started to parse T_VARIABLE
2010-07-06T16:42:23+02:00 DEBUG (7):     Manually determined method range token ids at 305->305
2010-07-06T16:42:23+02:00 DEBUG (7):     Processed all tokens in 0.0021250247955322 seconds
2010-07-06T16:42:23+02:00 DEBUG (7):     Processed property $lastIpDefinitionCriteria in 0.0023190975189209 seconds
2010-07-06T16:42:23+02:00 DEBUG (7):   Started to parse T_VARIABLE
2010-07-06T16:42:23+02:00 DEBUG (7):     Manually determined method range token ids at 316->316
2010-07-06T16:42:23+02:00 DEBUG (7):     Processed all tokens in 0.0030989646911621 seconds
2010-07-06T16:42:23+02:00 DEBUG (7):     Processed property $collIpSubnets in 0.003291130065918 seconds
2010-07-06T16:42:23+02:00 DEBUG (7):   Started to parse T_VARIABLE
2010-07-06T16:42:23+02:00 DEBUG (7):     Manually determined method range token ids at 323->323
2010-07-06T16:42:23+02:00 DEBUG (7):     Processed all tokens in 0.0022180080413818 seconds
2010-07-06T16:42:23+02:00 DEBUG (7):     Processed property $lastIpSubnetCriteria in 0.0024089813232422 seconds
2010-07-06T16:42:23+02:00 DEBUG (7):   Started to parse T_VARIABLE
2010-07-06T16:42:23+02:00 DEBUG (7):     Manually determined method range token ids at 334->334
2010-07-06T16:42:23+02:00 DEBUG (7):     Processed all tokens in 0.0033469200134277 seconds
2010-07-06T16:42:23+02:00 DEBUG (7):     Processed property $collKpnConnectionServicesRelatedByKpnCarrierTypeId in 0.003554105758667 seconds
2010-07-06T16:42:23+02:00 DEBUG (7):   Started to parse T_VARIABLE
2010-07-06T16:42:23+02:00 DEBUG (7):     Manually determined method range token ids at 341->341
2010-07-06T16:42:23+02:00 DEBUG (7):     Processed all tokens in 0.0024430751800537 seconds
2010-07-06T16:42:23+02:00 DEBUG (7):     Processed property $lastKpnConnectionServiceRelatedByKpnCarrierTypeIdCriteria in 0.0026829242706299 seconds
2010-07-06T16:42:23+02:00 DEBUG (7):   Started to parse T_VARIABLE
2010-07-06T16:42:23+02:00 DEBUG (7):     Manually determined method range token ids at 352->352
2010-07-06T16:42:23+02:00 DEBUG (7):     Processed all tokens in 0.0033071041107178 seconds
2010-07-06T16:42:23+02:00 DEBUG (7):     Processed property $collKpnConnectionServicesRelatedByKpnTechnologyTypeId in 0.0035028457641602 seconds
2010-07-06T16:42:23+02:00 DEBUG (7):   Started to parse T_VARIABLE
2010-07-06T16:42:23+02:00 DEBUG (7):     Manually determined method range token ids at 359->359
2010-07-06T16:42:23+02:00 DEBUG (7):     Processed all tokens in 0.0021381378173828 seconds
2010-07-06T16:42:23+02:00 DEBUG (7):     Processed property $lastKpnConnectionServiceRelatedByKpnTechnologyTypeIdCriteria in 0.0028319358825684 seconds
2010-07-06T16:42:23+02:00 DEBUG (7):   Started to parse T_VARIABLE
2010-07-06T16:42:23+02:00 DEBUG (7):     Manually determined method range token ids at 370->370
2010-07-06T16:42:23+02:00 DEBUG (7):     Processed all tokens in 0.0039229393005371 seconds
2010-07-06T16:42:23+02:00 DEBUG (7):     Processed property $collKpnConnectionServicesRelatedByKpnTelephonyTypeId in 0.0041179656982422 seconds
2010-07-06T16:42:23+02:00 DEBUG (7):   Started to parse T_VARIABLE
2010-07-06T16:42:23+02:00 DEBUG (7):     Manually determined method range token ids at 377->377
2010-07-06T16:42:23+02:00 DEBUG (7):     Processed all tokens in 0.0024280548095703 seconds
2010-07-06T16:42:23+02:00 DEBUG (7):     Processed property $lastKpnConnectionServiceRelatedByKpnTelephonyTypeIdCriteria in 0.0026199817657471 seconds
2010-07-06T16:42:23+02:00 DEBUG (7):   Started to parse T_VARIABLE
2010-07-06T16:42:23+02:00 DEBUG (7):     Manually determined method range token ids at 388->388
2010-07-06T16:42:23+02:00 DEBUG (7):     Processed all tokens in 0.0030889511108398 seconds
2010-07-06T16:42:23+02:00 DEBUG (7):     Processed property $collKpnConnectionServicesRelatedByKpnAccessClassId in 0.0032830238342285 seconds
2010-07-06T16:42:23+02:00 DEBUG (7):   Started to parse T_VARIABLE
2010-07-06T16:42:23+02:00 DEBUG (7):     Manually determined method range token ids at 395->395
2010-07-06T16:42:23+02:00 DEBUG (7):     Processed all tokens in 0.002112865447998 seconds
2010-07-06T16:42:23+02:00 DEBUG (7):     Processed property $lastKpnConnectionServiceRelatedByKpnAccessClassIdCriteria in 0.0023031234741211 seconds
2010-07-06T16:42:23+02:00 DEBUG (7):   Started to parse T_VARIABLE
2010-07-06T16:42:23+02:00 DEBUG (7):     Manually determined method range token ids at 406->406
2010-07-06T16:42:23+02:00 DEBUG (7):     Processed all tokens in 0.0031139850616455 seconds
2010-07-06T16:42:23+02:00 DEBUG (7):     Processed property $collKpnConnectionServicesRelatedByKpnServiceClassId in 0.0033061504364014 seconds
2010-07-06T16:42:23+02:00 DEBUG (7):   Started to parse T_VARIABLE
2010-07-06T16:42:23+02:00 DEBUG (7):     Manually determined method range token ids at 413->413
2010-07-06T16:42:23+02:00 DEBUG (7):     Processed all tokens in 0.0023419857025146 seconds
2010-07-06T16:42:23+02:00 DEBUG (7):     Processed property $lastKpnConnectionServiceRelatedByKpnServiceClassIdCriteria in 0.0025360584259033 seconds
2010-07-06T16:42:23+02:00 DEBUG (7):   Started to parse T_VARIABLE
2010-07-06T16:42:23+02:00 DEBUG (7):     Manually determined method range token ids at 424->424
2010-07-06T16:42:23+02:00 DEBUG (7):     Processed all tokens in 0.0030660629272461 seconds
2010-07-06T16:42:23+02:00 DEBUG (7):     Processed property $collKpnConnectionServicesRelatedByKpnInpTypeId in 0.0032579898834229 seconds
2010-07-06T16:42:23+02:00 DEBUG (7):   Started to parse T_VARIABLE
2010-07-06T16:42:23+02:00 DEBUG (7):     Manually determined method range token ids at 431->431
2010-07-06T16:42:23+02:00 DEBUG (7):     Processed all tokens in 0.0021219253540039 seconds
2010-07-06T16:42:23+02:00 DEBUG (7):     Processed property $lastKpnConnectionServiceRelatedByKpnInpTypeIdCriteria in 0.0023131370544434 seconds
2010-07-06T16:42:23+02:00 DEBUG (7):   Started to parse T_VARIABLE
2010-07-06T16:42:24+02:00 DEBUG (7):     Manually determined method range token ids at 442->442
2010-07-06T16:42:24+02:00 DEBUG (7):     Processed all tokens in 0.0031640529632568 seconds
2010-07-06T16:42:24+02:00 DEBUG (7):     Processed property $collKpnConnectionServicesRelatedByKpnPortfolioId in 0.00335693359375 seconds
2010-07-06T16:42:24+02:00 DEBUG (7):   Started to parse T_VARIABLE
