2010-07-06T16:42:36+02:00 DEBUG (7): Starting to parse file: test.php
2010-07-06T16:42:36+02:00 DEBUG (7): Hashed contents in 3.9100646972656E-5 seconds
2010-07-06T16:42:36+02:00 DEBUG (7):   Started to parse T_OPEN_TAG
2010-07-06T16:42:36+02:00 DEBUG (7):   Started to parse T_FUNCTION
2010-07-06T16:42:36+02:00 DEBUG (7):     determined argument range token ids in 0.0028519630432129 seconds
2010-07-06T16:42:36+02:00 DEBUG (7):     Parsing tokens
2010-07-06T16:42:36+02:00 DEBUG (7):   Started to parse T_VARIABLE
2010-07-06T16:42:36+02:00 DEBUG (7):     Manually determined method range token ids at 9->9
2010-07-06T16:42:36+02:00 DEBUG (7):     Processed all tokens in 0.0013530254364014 seconds
2010-07-06T16:42:36+02:00 DEBUG (7):     Processed argument $argument in 0.001910924911499 seconds
2010-07-06T16:42:36+02:00 DEBUG (7):     Manually determined method range token ids at 16->18
2010-07-06T16:42:36+02:00 DEBUG (7):     Processed all tokens in 0.0032591819763184 seconds
2010-07-06T16:42:36+02:00 DEBUG (7):   Started to parse T_FUNCTION
2010-07-06T16:42:36+02:00 DEBUG (7):     determined argument range token ids in 0.0005648136138916 seconds
2010-07-06T16:42:36+02:00 DEBUG (7):     Parsing tokens
2010-07-06T16:42:36+02:00 DEBUG (7):     Manually determined method range token ids at 28->30
2010-07-06T16:42:36+02:00 DEBUG (7):     Processed all tokens in 0.00076198577880859 seconds
2010-07-06T16:42:36+02:00 DEBUG (7):   Started to parse T_FUNCTION
2010-07-06T16:42:36+02:00 DEBUG (7):     determined argument range token ids in 0.00056290626525879 seconds
2010-07-06T16:42:36+02:00 DEBUG (7):     Parsing tokens
2010-07-06T16:42:36+02:00 DEBUG (7):     Manually determined method range token ids at 40->42
2010-07-06T16:42:36+02:00 DEBUG (7):     Processed all tokens in 0.00078701972961426 seconds
2010-07-06T16:42:36+02:00 DEBUG (7):   Started to parse T_CLASS
2010-07-06T16:42:36+02:00 DEBUG (7):     Parsing tokens
2010-07-06T16:42:36+02:00 DEBUG (7):   Started to parse T_VARIABLE
2010-07-06T16:42:36+02:00 DEBUG (7):     Manually determined method range token ids at 54->54
2010-07-06T16:42:36+02:00 DEBUG (7):     Processed all tokens in 0.0026049613952637 seconds
2010-07-06T16:42:36+02:00 DEBUG (7):     Processed property $test in 0.0032370090484619 seconds
2010-07-06T16:42:36+02:00 DEBUG (7):   Started to parse T_VARIABLE
2010-07-06T16:42:36+02:00 DEBUG (7):     Manually determined method range token ids at 63->63
2010-07-06T16:42:36+02:00 DEBUG (7):     Processed all tokens in 0.0032699108123779 seconds
2010-07-06T16:42:36+02:00 DEBUG (7):     Processed property $test2 in 0.0034580230712891 seconds
2010-07-06T16:42:36+02:00 DEBUG (7):   Started to parse T_VARIABLE
2010-07-06T16:42:36+02:00 DEBUG (7):     Manually determined method range token ids at 81->81
2010-07-06T16:42:36+02:00 DEBUG (7):     Processed all tokens in 0.0026340484619141 seconds
2010-07-06T16:42:36+02:00 DEBUG (7):     Processed property $test3 in 0.002824068069458 seconds
2010-07-06T16:42:36+02:00 DEBUG (7):   Started to parse T_VARIABLE
2010-07-06T16:42:36+02:00 DEBUG (7):     Manually determined method range token ids at 92->92
2010-07-06T16:42:36+02:00 DEBUG (7):     Processed all tokens in 0.0028188228607178 seconds
2010-07-06T16:42:36+02:00 DEBUG (7):     Processed property $test4 in 0.0030190944671631 seconds
2010-07-06T16:42:36+02:00 DEBUG (7):   Started to parse T_FUNCTION
2010-07-06T16:42:36+02:00 DEBUG (7):     determined argument range token ids in 0.0014698505401611 seconds
2010-07-06T16:42:36+02:00 DEBUG (7):     Parsing tokens
2010-07-06T16:42:36+02:00 DEBUG (7):   Started to parse T_VARIABLE
2010-07-06T16:42:36+02:00 DEBUG (7):     Manually determined method range token ids at 111->111
2010-07-06T16:42:36+02:00 DEBUG (7):     Processed all tokens in 0.0014090538024902 seconds
2010-07-06T16:42:36+02:00 DEBUG (7):     Processed argument $argument_a in 0.0018539428710938 seconds
2010-07-06T16:42:36+02:00 DEBUG (7):   Started to parse T_VARIABLE
2010-07-06T16:42:36+02:00 DEBUG (7):     Manually determined method range token ids at 116->116
2010-07-06T16:42:36+02:00 DEBUG (7):     Processed all tokens in 0.00082278251647949 seconds
2010-07-06T16:42:36+02:00 DEBUG (7):     Processed argument $argument_b in 0.001039981842041 seconds
2010-07-06T16:42:36+02:00 DEBUG (7):     Manually determined method range token ids at 123->125
2010-07-06T16:42:36+02:00 DEBUG (7):     Processed all tokens in 0.0047228336334229 seconds
2010-07-06T16:42:36+02:00 DEBUG (7):     Processed method StaticPublicMethod in 0.0092318058013916 seconds
2010-07-06T16:42:36+02:00 DEBUG (7):   Started to parse T_FUNCTION
2010-07-06T16:42:36+02:00 DEBUG (7):     determined argument range token ids in 0.00082802772521973 seconds
2010-07-06T16:42:36+02:00 DEBUG (7):     Parsing tokens
2010-07-06T16:42:36+02:00 DEBUG (7):   Started to parse T_VARIABLE
2010-07-06T16:42:36+02:00 DEBUG (7):     Manually determined method range token ids at 135->135
2010-07-06T16:42:36+02:00 DEBUG (7):     Processed all tokens in 0.0012929439544678 seconds
2010-07-06T16:42:36+02:00 DEBUG (7):     Processed argument $argument in 0.0014891624450684 seconds
2010-07-06T16:42:36+02:00 DEBUG (7):     Manually determined method range token ids at 138->140
2010-07-06T16:42:36+02:00 DEBUG (7):     Processed all tokens in 0.0024988651275635 seconds
2010-07-06T16:42:36+02:00 DEBUG (7):     Processed method PublicMethod in 0.0058038234710693 seconds
2010-07-06T16:42:36+02:00 DEBUG (7):   Started to parse T_FUNCTION
2010-07-06T16:42:36+02:00 DEBUG (7):     determined argument range token ids in 0.0008540153503418 seconds
2010-07-06T16:42:36+02:00 DEBUG (7):     Parsing tokens
2010-07-06T16:42:36+02:00 DEBUG (7):     Manually determined method range token ids at 150->152
2010-07-06T16:42:36+02:00 DEBUG (7):     Processed all tokens in 0.00077009201049805 seconds
2010-07-06T16:42:36+02:00 DEBUG (7):     Processed method ProtectedMethod in 0.0037848949432373 seconds
2010-07-06T16:42:36+02:00 DEBUG (7):     Manually determined method range token ids at 50->154
2010-07-06T16:42:36+02:00 DEBUG (7):     Processed all tokens in 0.040063858032227 seconds
2010-07-06T16:42:36+02:00 DEBUG (7):   Started to parse T_CLASS
2010-07-06T16:42:36+02:00 DEBUG (7):     Parsing tokens
2010-07-06T16:42:36+02:00 DEBUG (7):   Started to parse T_CONST
2010-07-06T16:42:36+02:00 DEBUG (7):     Manually determined method range token ids at 177->177
2010-07-06T16:42:36+02:00 DEBUG (7):     Processed all tokens in 0.001629114151001 seconds
2010-07-06T16:42:36+02:00 DEBUG (7):     Processed const TEST in 0.002194881439209 seconds
2010-07-06T16:42:36+02:00 DEBUG (7):     Manually determined method range token ids at 173->184
2010-07-06T16:42:36+02:00 DEBUG (7):     Processed all tokens in 0.005511999130249 seconds
2010-07-06T16:42:36+02:00 DEBUG (7):   Started to parse T_CLASS
2010-07-06T16:42:36+02:00 DEBUG (7):     Parsing tokens
2010-07-06T16:42:36+02:00 DEBUG (7):   Started to parse T_CONST
2010-07-06T16:42:36+02:00 DEBUG (7):     Manually determined method range token ids at 198->198
2010-07-06T16:42:36+02:00 DEBUG (7):     Processed all tokens in 0.0016400814056396 seconds
2010-07-06T16:42:36+02:00 DEBUG (7):     Processed const TEST in 0.0018470287322998 seconds
2010-07-06T16:42:36+02:00 DEBUG (7):     Manually determined method range token ids at 194->205
2010-07-06T16:42:36+02:00 DEBUG (7):     Processed all tokens in 0.0043399333953857 seconds
2010-07-06T16:42:36+02:00 DEBUG (7):     Manually determined method range token ids at ->
2010-07-06T16:42:36+02:00 DEBUG (7):     Processed all tokens in 0.091485977172852 seconds
2010-07-06T16:42:36+02:00 DEBUG (7):   Used memory: 1563780
2010-07-06T16:42:36+02:00 DEBUG (7):   Parsed file in 0.093418836593628 seconds
