2010-07-06T16:42:57+02:00 DEBUG (7): Starting to parse file: test.php
2010-07-06T16:42:57+02:00 DEBUG (7): Hashed contents in 3.9100646972656E-5 seconds
2010-07-06T16:42:57+02:00 DEBUG (7):   Started to parse T_OPEN_TAG
2010-07-06T16:42:57+02:00 DEBUG (7):   Started to parse T_FUNCTION
2010-07-06T16:42:57+02:00 DEBUG (7):     determined argument range token ids in 0.0026500225067139 seconds
2010-07-06T16:42:57+02:00 DEBUG (7):     Parsing tokens
2010-07-06T16:42:57+02:00 DEBUG (7):   Started to parse T_VARIABLE
2010-07-06T16:42:57+02:00 DEBUG (7):     Manually determined method range token ids at 9->9
2010-07-06T16:42:57+02:00 DEBUG (7):     Processed all tokens in 0.0012240409851074 seconds
2010-07-06T16:42:57+02:00 DEBUG (7):     Processed argument $argument in 0.0017621517181396 seconds
2010-07-06T16:42:57+02:00 DEBUG (7):     Manually determined method range token ids at 16->18
2010-07-06T16:42:57+02:00 DEBUG (7):     Processed all tokens in 0.0030741691589355 seconds
2010-07-06T16:42:57+02:00 DEBUG (7):   Started to parse T_FUNCTION
2010-07-06T16:42:57+02:00 DEBUG (7):     determined argument range token ids in 0.00056886672973633 seconds
2010-07-06T16:42:57+02:00 DEBUG (7):     Parsing tokens
2010-07-06T16:42:57+02:00 DEBUG (7):     Manually determined method range token ids at 28->30
2010-07-06T16:42:57+02:00 DEBUG (7):     Processed all tokens in 0.00083494186401367 seconds
2010-07-06T16:42:57+02:00 DEBUG (7):   Started to parse T_FUNCTION
2010-07-06T16:42:57+02:00 DEBUG (7):     determined argument range token ids in 0.00055909156799316 seconds
2010-07-06T16:42:57+02:00 DEBUG (7):     Parsing tokens
2010-07-06T16:42:57+02:00 DEBUG (7):     Manually determined method range token ids at 40->42
2010-07-06T16:42:57+02:00 DEBUG (7):     Processed all tokens in 0.000762939453125 seconds
2010-07-06T16:42:57+02:00 DEBUG (7):   Started to parse T_CLASS
2010-07-06T16:42:57+02:00 DEBUG (7):     Parsing tokens
2010-07-06T16:42:57+02:00 DEBUG (7):   Started to parse T_VARIABLE
2010-07-06T16:42:57+02:00 DEBUG (7):     Manually determined method range token ids at 54->54
2010-07-06T16:42:57+02:00 DEBUG (7):     Processed all tokens in 0.0027861595153809 seconds
2010-07-06T16:42:57+02:00 DEBUG (7):     Processed property $test in 0.0034229755401611 seconds
2010-07-06T16:42:57+02:00 DEBUG (7):   Started to parse T_VARIABLE
2010-07-06T16:42:57+02:00 DEBUG (7):     Manually determined method range token ids at 63->63
2010-07-06T16:42:57+02:00 DEBUG (7):     Processed all tokens in 0.0031030178070068 seconds
2010-07-06T16:42:57+02:00 DEBUG (7):     Processed property $test2 in 0.0032999515533447 seconds
2010-07-06T16:42:57+02:00 DEBUG (7):   Started to parse T_VARIABLE
2010-07-06T16:42:57+02:00 DEBUG (7):     Manually determined method range token ids at 81->81
2010-07-06T16:42:57+02:00 DEBUG (7):     Processed all tokens in 0.0027890205383301 seconds
2010-07-06T16:42:57+02:00 DEBUG (7):     Processed property $test3 in 0.0029850006103516 seconds
2010-07-06T16:42:57+02:00 DEBUG (7):   Started to parse T_VARIABLE
2010-07-06T16:42:57+02:00 DEBUG (7):     Manually determined method range token ids at 92->92
2010-07-06T16:42:57+02:00 DEBUG (7):     Processed all tokens in 0.0036361217498779 seconds
2010-07-06T16:42:57+02:00 DEBUG (7):     Processed property $test4 in 0.0039520263671875 seconds
2010-07-06T16:42:57+02:00 DEBUG (7):   Started to parse T_FUNCTION
2010-07-06T16:42:57+02:00 DEBUG (7):     determined argument range token ids in 0.0017759799957275 seconds
2010-07-06T16:42:57+02:00 DEBUG (7):     Parsing tokens
2010-07-06T16:42:57+02:00 DEBUG (7):   Started to parse T_VARIABLE
2010-07-06T16:42:57+02:00 DEBUG (7):     Manually determined method range token ids at 111->111
2010-07-06T16:42:57+02:00 DEBUG (7):     Processed all tokens in 0.0013589859008789 seconds
2010-07-06T16:42:57+02:00 DEBUG (7):     Processed argument $argument_a in 0.0015561580657959 seconds
2010-07-06T16:42:57+02:00 DEBUG (7):   Started to parse T_VARIABLE
2010-07-06T16:42:57+02:00 DEBUG (7):     Manually determined method range token ids at 116->116
2010-07-06T16:42:57+02:00 DEBUG (7):     Processed all tokens in 0.00081920623779297 seconds
2010-07-06T16:42:57+02:00 DEBUG (7):     Processed argument $argument_b in 0.0010340213775635 seconds
2010-07-06T16:42:57+02:00 DEBUG (7):     Manually determined method range token ids at 123->125
2010-07-06T16:42:57+02:00 DEBUG (7):     Processed all tokens in 0.0046160221099854 seconds
2010-07-06T16:42:57+02:00 DEBUG (7):     Processed method StaticPublicMethod in 0.010865926742554 seconds
2010-07-06T16:42:57+02:00 DEBUG (7):   Started to parse T_FUNCTION
2010-07-06T16:42:57+02:00 DEBUG (7):     determined argument range token ids in 0.00084114074707031 seconds
2010-07-06T16:42:57+02:00 DEBUG (7):     Parsing tokens
2010-07-06T16:42:57+02:00 DEBUG (7):   Started to parse T_VARIABLE
2010-07-06T16:42:57+02:00 DEBUG (7):     Manually determined method range token ids at 135->135
2010-07-06T16:42:57+02:00 DEBUG (7):     Processed all tokens in 0.0011990070343018 seconds
2010-07-06T16:42:57+02:00 DEBUG (7):     Processed argument $argument in 0.0013999938964844 seconds
2010-07-06T16:42:57+02:00 DEBUG (7):     Manually determined method range token ids at 138->140
2010-07-06T16:42:57+02:00 DEBUG (7):     Processed all tokens in 0.0024080276489258 seconds
2010-07-06T16:42:57+02:00 DEBUG (7):     Processed method PublicMethod in 0.0058808326721191 seconds
2010-07-06T16:42:57+02:00 DEBUG (7):   Started to parse T_FUNCTION
2010-07-06T16:42:57+02:00 DEBUG (7):     determined argument range token ids in 0.00083804130554199 seconds
2010-07-06T16:42:57+02:00 DEBUG (7):     Parsing tokens
2010-07-06T16:42:57+02:00 DEBUG (7):     Manually determined method range token ids at 150->152
2010-07-06T16:42:57+02:00 DEBUG (7):     Processed all tokens in 0.000762939453125 seconds
2010-07-06T16:42:57+02:00 DEBUG (7):     Processed method ProtectedMethod in 0.0037569999694824 seconds
2010-07-06T16:42:57+02:00 DEBUG (7):     Manually determined method range token ids at 50->154
2010-07-06T16:42:57+02:00 DEBUG (7):     Processed all tokens in 0.043108940124512 seconds
2010-07-06T16:42:57+02:00 DEBUG (7):   Started to parse T_CLASS
2010-07-06T16:42:57+02:00 DEBUG (7):     Parsing tokens
2010-07-06T16:42:57+02:00 DEBUG (7):   Started to parse T_CONST
2010-07-06T16:42:57+02:00 DEBUG (7):     Manually determined method range token ids at 177->177
2010-07-06T16:42:57+02:00 DEBUG (7):     Processed all tokens in 0.0017590522766113 seconds
2010-07-06T16:42:57+02:00 DEBUG (7):     Processed const TEST in 0.0031368732452393 seconds
2010-07-06T16:42:57+02:00 DEBUG (7):     Manually determined method range token ids at 173->184
2010-07-06T16:42:57+02:00 DEBUG (7):     Processed all tokens in 0.0066649913787842 seconds
2010-07-06T16:42:57+02:00 DEBUG (7):   Started to parse T_CLASS
2010-07-06T16:42:57+02:00 DEBUG (7):     Parsing tokens
2010-07-06T16:42:57+02:00 DEBUG (7):   Started to parse T_CONST
2010-07-06T16:42:57+02:00 DEBUG (7):     Manually determined method range token ids at 198->198
2010-07-06T16:42:57+02:00 DEBUG (7):     Processed all tokens in 0.0016410350799561 seconds
2010-07-06T16:42:57+02:00 DEBUG (7):     Processed const TEST in 0.0018200874328613 seconds
2010-07-06T16:42:57+02:00 DEBUG (7):     Manually determined method range token ids at 194->205
2010-07-06T16:42:57+02:00 DEBUG (7):     Processed all tokens in 0.0044879913330078 seconds
2010-07-06T16:42:57+02:00 DEBUG (7):     Manually determined method range token ids at ->
2010-07-06T16:42:57+02:00 DEBUG (7):     Processed all tokens in 0.094925880432129 seconds
2010-07-06T16:42:57+02:00 DEBUG (7):   Used memory: 1563944
2010-07-06T16:42:57+02:00 DEBUG (7):   Parsed file in 0.096955060958862 seconds
